<?xml version="1.0" encoding="utf-8"?><testsuites name="pytest tests"><testsuite name="pytest" errors="0" failures="1" skipped="0" tests="20" time="2.148" timestamp="2026-02-06T22:53:24.248686+00:00" hostname="agent-env-bf8b2616-6533-4b6b-bac4-1c91ade38791"><testcase classname="backend.tests.test_commercial_services.TestServicesMarketplace" name="test_get_categories" time="0.076" /><testcase classname="backend.tests.test_commercial_services.TestServicesMarketplace" name="test_get_providers" time="0.038" /><testcase classname="backend.tests.test_commercial_services.TestServicesMarketplace" name="test_get_providers_with_filter" time="0.041" /><testcase classname="backend.tests.test_commercial_services.TestServicesMarketplace" name="test_get_locations" time="0.036" /><testcase classname="backend.tests.test_commercial_services.TestServicesMarketplace" name="test_create_service_request" time="0.033"><failure message="assert 422 == 200&#10; +  where 422 = &lt;Response [422]&gt;.status_code">backend/tests/test_commercial_services.py:137: in test_create_service_request
    assert response.status_code == 200
E   assert 422 == 200
E    +  where 422 = &lt;Response [422]&gt;.status_code</failure></testcase><testcase classname="backend.tests.test_commercial_services.TestCommercialPartners" name="test_get_partners" time="0.306" /><testcase classname="backend.tests.test_commercial_services.TestCommercialPartners" name="test_get_partners_requires_auth" time="0.036" /><testcase classname="backend.tests.test_commercial_services.TestCommercialPartners" name="test_create_partner" time="0.041" /><testcase classname="backend.tests.test_commercial_services.TestCommercialPartners" name="test_get_partner_by_id" time="0.120" /><testcase classname="backend.tests.test_commercial_services.TestCommercialQuotes" name="test_get_quotes" time="0.042" /><testcase classname="backend.tests.test_commercial_services.TestCommercialQuotes" name="test_create_quote" time="0.073" /><testcase classname="backend.tests.test_commercial_services.TestCommercialQuotes" name="test_get_quote_pdf" time="0.310" /><testcase classname="backend.tests.test_commercial_services.TestCommercialInvoices" name="test_get_invoices" time="0.045" /><testcase classname="backend.tests.test_commercial_services.TestCommercialInvoices" name="test_get_invoice_pdf" time="0.271" /><testcase classname="backend.tests.test_commercial_services.TestCommercialContracts" name="test_get_contracts" time="0.039" /><testcase classname="backend.tests.test_commercial_services.TestCommercialContracts" name="test_get_contract_templates" time="0.037" /><testcase classname="backend.tests.test_commercial_services.TestCommercialContracts" name="test_get_contract_pdf" time="0.273" /><testcase classname="backend.tests.test_commercial_services.TestCommercialDashboard" name="test_get_dashboard" time="0.044" /><testcase classname="backend.tests.test_commercial_services.TestProductSEOFields" name="test_create_product_with_seo" time="0.134" /><testcase classname="backend.tests.test_commercial_services.TestAdminMenu" name="test_admin_stats" time="0.037" /></testsuite></testsuites>