<?xml version="1.0" encoding="utf-8"?><testsuites name="pytest tests"><testsuite name="pytest" errors="0" failures="1" skipped="0" tests="18" time="5.663" timestamp="2026-02-19T00:23:28.832163+00:00" hostname="agent-env-f744ede4-a8e5-4e34-85ab-326e05239d1c"><testcase classname="backend.tests.test_comprehensive.TestHealthAndBasics" name="test_health_endpoint" time="0.374" /><testcase classname="backend.tests.test_comprehensive.TestAuthentication" name="test_admin_login_success" time="0.387" /><testcase classname="backend.tests.test_comprehensive.TestAuthentication" name="test_login_invalid_credentials" time="0.135" /><testcase classname="backend.tests.test_comprehensive.TestAuthentication" name="test_auth_me_with_valid_token" time="0.490" /><testcase classname="backend.tests.test_comprehensive.TestAuthentication" name="test_auth_me_without_token" time="0.115" /><testcase classname="backend.tests.test_comprehensive.TestProducts" name="test_get_products" time="0.135" /><testcase classname="backend.tests.test_comprehensive.TestProducts" name="test_get_products_by_category" time="0.121" /><testcase classname="backend.tests.test_comprehensive.TestProducts" name="test_get_single_product" time="0.276" /><testcase classname="backend.tests.test_comprehensive.TestFlashSales" name="test_get_flash_sales" time="0.125" /><testcase classname="backend.tests.test_comprehensive.TestBlog" name="test_get_blog_posts" time="0.125" /><testcase classname="backend.tests.test_comprehensive.TestServiceProviders" name="test_get_service_providers" time="0.104" /><testcase classname="backend.tests.test_comprehensive.TestImageUpload" name="test_upload_endpoint_exists" time="0.240"><failure message="assert 401 in [422, 400]&#10; +  where 401 = &lt;Response [401]&gt;.status_code">backend/tests/test_comprehensive.py:179: in test_upload_endpoint_exists
    assert response.status_code in [422, 400]
E   assert 401 in [422, 400]
E    +  where 401 = &lt;Response [401]&gt;.status_code</failure></testcase><testcase classname="backend.tests.test_comprehensive.TestPayTech" name="test_paytech_verify_endpoint" time="0.149" /><testcase classname="backend.tests.test_comprehensive.TestOrders" name="test_orders_endpoint_requires_auth" time="0.127" /><testcase classname="backend.tests.test_comprehensive.TestCategories" name="test_electronique_category" time="0.118" /><testcase classname="backend.tests.test_comprehensive.TestCategories" name="test_electromenager_category" time="0.174" /><testcase classname="backend.tests.test_comprehensive.TestCategories" name="test_beaute_category" time="0.143" /><testcase classname="backend.tests.test_comprehensive.TestSessionPersistence" name="test_token_reuse" time="2.224" /></testsuite></testsuites>