<?xml version="1.0" encoding="utf-8"?><testsuites name="pytest tests"><testsuite name="pytest" errors="0" failures="1" skipped="0" tests="17" time="7.261" timestamp="2026-02-07T00:42:08.149603+00:00" hostname="agent-env-c3e2ca00-9a46-44b9-99ec-858a6f879eaf"><testcase classname="backend.tests.test_email_gallery_features.TestEmailAndGalleryFeatures" name="test_services_categories_api" time="0.083" /><testcase classname="backend.tests.test_email_gallery_features.TestEmailAndGalleryFeatures" name="test_services_providers_api" time="0.038" /><testcase classname="backend.tests.test_email_gallery_features.TestEmailAndGalleryFeatures" name="test_services_locations_api" time="0.042" /><testcase classname="backend.tests.test_email_gallery_features.TestEmailAndGalleryFeatures" name="test_admin_login" time="0.263" /><testcase classname="backend.tests.test_email_gallery_features.TestEmailAndGalleryFeatures" name="test_create_test_partner" time="0.269" /><testcase classname="backend.tests.test_email_gallery_features.TestEmailAndGalleryFeatures" name="test_create_quote_for_email" time="0.317" /><testcase classname="backend.tests.test_email_gallery_features.TestEmailAndGalleryFeatures" name="test_send_quote_email_api" time="1.328" /><testcase classname="backend.tests.test_email_gallery_features.TestEmailAndGalleryFeatures" name="test_create_invoice_for_email" time="0.279" /><testcase classname="backend.tests.test_email_gallery_features.TestEmailAndGalleryFeatures" name="test_send_invoice_email_api" time="1.244" /><testcase classname="backend.tests.test_email_gallery_features.TestEmailAndGalleryFeatures" name="test_create_contract_for_email" time="0.321" /><testcase classname="backend.tests.test_email_gallery_features.TestEmailAndGalleryFeatures" name="test_send_contract_email_api" time="1.102" /><testcase classname="backend.tests.test_email_gallery_features.TestEmailAndGalleryFeatures" name="test_get_provider_gallery_not_found" time="0.057" /><testcase classname="backend.tests.test_email_gallery_features.TestEmailAndGalleryFeatures" name="test_get_provider_gallery_existing" time="0.048" /><testcase classname="backend.tests.test_email_gallery_features.TestEmailAndGalleryFeatures" name="test_add_gallery_photo_requires_auth" time="0.048"><failure message="AssertionError: Expected 401/403/500, got 520&#10;assert 520 in [401, 403, 500]&#10; +  where 520 = &lt;Response [520]&gt;.status_code">backend/tests/test_email_gallery_features.py:387: in test_add_gallery_photo_requires_auth
    assert response.status_code in [401, 403, 500], f"Expected 401/403/500, got {response.status_code}"
E   AssertionError: Expected 401/403/500, got 520
E   assert 520 in [401, 403, 500]
E    +  where 520 = &lt;Response [520]&gt;.status_code</failure></testcase><testcase classname="backend.tests.test_email_gallery_features.TestEmailAndGalleryFeatures" name="test_quote_pdf_download" time="0.577" /><testcase classname="backend.tests.test_email_gallery_features.TestEmailAndGalleryFeatures" name="test_invoice_pdf_download" time="0.588" /><testcase classname="backend.tests.test_email_gallery_features.TestEmailAndGalleryFeatures" name="test_contract_pdf_download" time="0.571" /></testsuite></testsuites>