<?xml version="1.0" encoding="utf-8"?><testsuites name="pytest tests"><testsuite name="pytest" errors="0" failures="1" skipped="0" tests="17" time="6.461" timestamp="2026-02-07T00:40:52.357393+00:00" hostname="agent-env-c3e2ca00-9a46-44b9-99ec-858a6f879eaf"><testcase classname="backend.tests.test_email_gallery_features.TestEmailAndGalleryFeatures" name="test_services_categories_api" time="0.100" /><testcase classname="backend.tests.test_email_gallery_features.TestEmailAndGalleryFeatures" name="test_services_providers_api" time="0.037" /><testcase classname="backend.tests.test_email_gallery_features.TestEmailAndGalleryFeatures" name="test_services_locations_api" time="0.036" /><testcase classname="backend.tests.test_email_gallery_features.TestEmailAndGalleryFeatures" name="test_admin_login" time="0.260" /><testcase classname="backend.tests.test_email_gallery_features.TestEmailAndGalleryFeatures" name="test_create_test_partner" time="0.274" /><testcase classname="backend.tests.test_email_gallery_features.TestEmailAndGalleryFeatures" name="test_create_quote_for_email" time="0.280" /><testcase classname="backend.tests.test_email_gallery_features.TestEmailAndGalleryFeatures" name="test_send_quote_email_api" time="1.229" /><testcase classname="backend.tests.test_email_gallery_features.TestEmailAndGalleryFeatures" name="test_create_invoice_for_email" time="0.291" /><testcase classname="backend.tests.test_email_gallery_features.TestEmailAndGalleryFeatures" name="test_send_invoice_email_api" time="1.067" /><testcase classname="backend.tests.test_email_gallery_features.TestEmailAndGalleryFeatures" name="test_create_contract_for_email" time="0.286" /><testcase classname="backend.tests.test_email_gallery_features.TestEmailAndGalleryFeatures" name="test_send_contract_email_api" time="0.957" /><testcase classname="backend.tests.test_email_gallery_features.TestEmailAndGalleryFeatures" name="test_get_provider_gallery_not_found" time="0.040" /><testcase classname="backend.tests.test_email_gallery_features.TestEmailAndGalleryFeatures" name="test_get_provider_gallery_existing" time="0.041" /><testcase classname="backend.tests.test_email_gallery_features.TestEmailAndGalleryFeatures" name="test_add_gallery_photo_requires_auth" time="0.034"><failure message="AssertionError: Expected 401/403, got 404&#10;assert 404 in [401, 403]&#10; +  where 404 = &lt;Response [404]&gt;.status_code">backend/tests/test_email_gallery_features.py:377: in test_add_gallery_photo_requires_auth
    assert response.status_code in [401, 403], f"Expected 401/403, got {response.status_code}"
E   AssertionError: Expected 401/403, got 404
E   assert 404 in [401, 403]
E    +  where 404 = &lt;Response [404]&gt;.status_code</failure></testcase><testcase classname="backend.tests.test_email_gallery_features.TestEmailAndGalleryFeatures" name="test_quote_pdf_download" time="0.475" /><testcase classname="backend.tests.test_email_gallery_features.TestEmailAndGalleryFeatures" name="test_invoice_pdf_download" time="0.486" /><testcase classname="backend.tests.test_email_gallery_features.TestEmailAndGalleryFeatures" name="test_contract_pdf_download" time="0.468" /></testsuite></testsuites>