<?xml version="1.0" encoding="utf-8"?><testsuites name="pytest tests"><testsuite name="pytest" errors="0" failures="3" skipped="0" tests="26" time="7.971" timestamp="2026-02-15T17:57:46.776018+00:00" hostname="agent-env-b1066c6c-3d87-4605-9a82-5fb3ff0e4688"><testcase classname="tests.test_migration_final.TestProductsAPI" name="test_get_products_list" time="0.303" /><testcase classname="tests.test_migration_final.TestProductsAPI" name="test_get_products_by_category_electronique" time="0.135" /><testcase classname="tests.test_migration_final.TestProductsAPI" name="test_get_products_by_category_electromenager" time="0.114" /><testcase classname="tests.test_migration_final.TestProductsAPI" name="test_get_products_by_category_decoration" time="0.135" /><testcase classname="tests.test_migration_final.TestProductsAPI" name="test_get_products_by_category_beaute" time="0.112" /><testcase classname="tests.test_migration_final.TestProductsAPI" name="test_get_products_by_category_automobile" time="0.118" /><testcase classname="tests.test_migration_final.TestProductsAPI" name="test_get_featured_products" time="0.142" /><testcase classname="tests.test_migration_final.TestProductsAPI" name="test_get_new_products" time="0.164" /><testcase classname="tests.test_migration_final.TestProductsAPI" name="test_get_promo_products" time="0.145" /><testcase classname="tests.test_migration_final.TestAuthAPI" name="test_admin_login_success" time="0.394" /><testcase classname="tests.test_migration_final.TestAuthAPI" name="test_login_invalid_credentials" time="0.118" /><testcase classname="tests.test_migration_final.TestAuthAPI" name="test_auth_me_with_token" time="0.451" /><testcase classname="tests.test_migration_final.TestAuthAPI" name="test_auth_me_without_token" time="0.871" /><testcase classname="tests.test_migration_final.TestAdminAccess" name="test_admin_products_access" time="0.483" /><testcase classname="tests.test_migration_final.TestAdminAccess" name="test_admin_orders_access" time="0.505" /><testcase classname="tests.test_migration_final.TestAdminAccess" name="test_admin_stats_access" time="0.437" /><testcase classname="tests.test_migration_final.TestCommercialManagement" name="test_commercial_partners_access" time="0.453"><failure message="AssertionError: assert False&#10; +  where False = isinstance({'partners': [{'address': 'Dakar', 'city': 'Dakar', 'company_name': 'diouf', 'country': 'Sénégal', ...}, {'address': None, 'city': 'Dakar', 'company_name': 'Test Email Company', 'country': 'Sénégal', ...}, {'address': None, 'city': 'Dakar', 'company_name': 'Test Email Company', 'country': 'Sénégal', ...}, {'address': None, 'city': 'Dakar', 'company_name': 'Test Email Company', 'country': 'Sénégal', ...}, {'address': '123 Test Street', 'city': 'Dakar', 'company_name': 'Test Company SARL', 'country': 'Sénégal', ...}, {'address': '123 Test Street', 'city': 'Dakar', 'company_name': 'Test Company SARL', 'country': 'Sénégal', ...}, ...], 'total': 7}, list)">tests/test_migration_final.py:211: in test_commercial_partners_access
    assert isinstance(partners, list)
E   AssertionError: assert False
E    +  where False = isinstance({'partners': [{'address': 'Dakar', 'city': 'Dakar', 'company_name': 'diouf', 'country': 'Sénégal', ...}, {'address': None, 'city': 'Dakar', 'company_name': 'Test Email Company', 'country': 'Sénégal', ...}, {'address': None, 'city': 'Dakar', 'company_name': 'Test Email Company', 'country': 'Sénégal', ...}, {'address': None, 'city': 'Dakar', 'company_name': 'Test Email Company', 'country': 'Sénégal', ...}, {'address': '123 Test Street', 'city': 'Dakar', 'company_name': 'Test Company SARL', 'country': 'Sénégal', ...}, {'address': '123 Test Street', 'city': 'Dakar', 'company_name': 'Test Company SARL', 'country': 'Sénégal', ...}, ...], 'total': 7}, list)</failure></testcase><testcase classname="tests.test_migration_final.TestCommercialManagement" name="test_commercial_contracts_access" time="0.517"><failure message="AssertionError: assert False&#10; +  where False = isinstance({'contracts': [{'clauses': [{'content': 'Partenariat pour commercialisation de produits/services', 'title': 'Article 1 - Objet'}, {'content': 'Qualité, délais, authenticité, informations exactes', 'title': 'Article 2 - Engagements Partenaire'}, {'content': 'Promotion, visibilité, facilitation, suivi paiements', 'title': 'Article 3 - Engagements YAMA+'}, {'content': '15.0%', 'title': 'Article 4 - Commission'}, {'content': 'chaque mois via Wave / Orange Money / Virement bancaire', 'title': 'Article 5 - Paiement'}, {'content': 'Par GROUPE YAMA PLUS, frais inclus dans le prix', 'title': 'Article 6 - Livraison'}, ...], 'commission_percent': 15.0, 'contract_id': 'CTR-F7AF50F8', 'contract_number': 'YMP-CTR-2026-005', ...}, {'clauses': [{'content': 'Test clause content', 'is_editable': True, 'title': 'Article 1'}], 'contract_id': 'CTR-44036D10', 'contract_number': 'YMP-CTR-2026-004', 'contract_type': 'partnership', ...}, {'clauses': [{'content': 'Test clause content', 'is_editable': True, 'title': 'Article 1'}], 'contract_id': 'CTR-BFFCE7FC', 'contract_number': 'YMP-CTR-2026-003', 'contract_type': 'partnership', ...}, {'clauses': [{'content': 'Test clause content', 'is_editable': True, 'title': 'Article 1'}], 'contract_id': 'CTR-87F24764', 'contract_number': 'YMP-CTR-2026-002', 'contract_type': 'partnership', ...}, {'clauses': [{'content': 'Le present contrat definit les modalites de partenariat entre les parties.', 'is_editable': True, 'title': 'Article 1 - Objet'}, {'content': 'Le contrat est valable pour une duree de 12 mois renouvelable.', 'is_editable': True, 'title': 'Article 2 - Duree'}], 'contract_id': 'CTR-0B5A17A8', 'contract_number': 'YMP-CTR-2026-001', 'contract_type': 'partnership', ...}], 'stats': {'active': 1, 'draft': 4, 'expired': 0, 'signed': 0, ...}}, list)">tests/test_migration_final.py:222: in test_commercial_contracts_access
    assert isinstance(contracts, list)
E   AssertionError: assert False
E    +  where False = isinstance({'contracts': [{'clauses': [{'content': 'Partenariat pour commercialisation de produits/services', 'title': 'Article 1 - Objet'}, {'content': 'Qualité, délais, authenticité, informations exactes', 'title': 'Article 2 - Engagements Partenaire'}, {'content': 'Promotion, visibilité, facilitation, suivi paiements', 'title': 'Article 3 - Engagements YAMA+'}, {'content': '15.0%', 'title': 'Article 4 - Commission'}, {'content': 'chaque mois via Wave / Orange Money / Virement bancaire', 'title': 'Article 5 - Paiement'}, {'content': 'Par GROUPE YAMA PLUS, frais inclus dans le prix', 'title': 'Article 6 - Livraison'}, ...], 'commission_percent': 15.0, 'contract_id': 'CTR-F7AF50F8', 'contract_number': 'YMP-CTR-2026-005', ...}, {'clauses': [{'content': 'Test clause content', 'is_editable': True, 'title': 'Article 1'}], 'contract_id': 'CTR-44036D10', 'contract_number': 'YMP-CTR-2026-004', 'contract_type': 'partnership', ...}, {'clauses': [{'content': 'Test clause content', 'is_editable': True, 'title': 'Article 1'}], 'contract_id': 'CTR-BFFCE7FC', 'contract_number': 'YMP-CTR-2026-003', 'contract_type': 'partnership', ...}, {'clauses': [{'content': 'Test clause content', 'is_editable': True, 'title': 'Article 1'}], 'contract_id': 'CTR-87F24764', 'contract_number': 'YMP-CTR-2026-002', 'contract_type': 'partnership', ...}, {'clauses': [{'content': 'Le present contrat definit les modalites de partenariat entre les parties.', 'is_editable': True, 'title': 'Article 1 - Objet'}, {'content': 'Le contrat est valable pour une duree de 12 mois renouvelable.', 'is_editable': True, 'title': 'Article 2 - Duree'}], 'contract_id': 'CTR-0B5A17A8', 'contract_number': 'YMP-CTR-2026-001', 'contract_type': 'partnership', ...}], 'stats': {'active': 1, 'draft': 4, 'expired': 0, 'signed': 0, ...}}, list)</failure></testcase><testcase classname="tests.test_migration_final.TestCommercialManagement" name="test_commercial_invoices_access" time="0.511"><failure message="AssertionError: assert False&#10; +  where False = isinstance({'invoices': [{'amount_paid': 0, 'created_at': '2026-02-07T00:42:34.534947+00:00', 'description': 'Invoice for email testing', 'due_date': None, ...}, {'amount_paid': 0, 'created_at': '2026-02-07T00:42:10.831599+00:00', 'description': 'Invoice for email testing', 'due_date': None, ...}, {'amount_paid': 0, 'created_at': '2026-02-07T00:40:54.936454+00:00', 'description': 'Invoice for email testing', 'due_date': None, ...}, {'amount_paid': 0, 'created_at': '2026-02-06T22:44:04.047042+00:00', 'description': None, 'due_date': '2026-02-28', ...}], 'stats': {'final': 4, 'paid': 0, 'partial': 0, 'proforma': 0, ...}}, list)">tests/test_migration_final.py:233: in test_commercial_invoices_access
    assert isinstance(invoices, list)
E   AssertionError: assert False
E    +  where False = isinstance({'invoices': [{'amount_paid': 0, 'created_at': '2026-02-07T00:42:34.534947+00:00', 'description': 'Invoice for email testing', 'due_date': None, ...}, {'amount_paid': 0, 'created_at': '2026-02-07T00:42:10.831599+00:00', 'description': 'Invoice for email testing', 'due_date': None, ...}, {'amount_paid': 0, 'created_at': '2026-02-07T00:40:54.936454+00:00', 'description': 'Invoice for email testing', 'due_date': None, ...}, {'amount_paid': 0, 'created_at': '2026-02-06T22:44:04.047042+00:00', 'description': None, 'due_date': '2026-02-28', ...}], 'stats': {'final': 4, 'paid': 0, 'partial': 0, 'proforma': 0, ...}}, list)</failure></testcase><testcase classname="tests.test_migration_final.TestCoreEndpoints" name="test_flash_sales" time="0.150" /><testcase classname="tests.test_migration_final.TestCoreEndpoints" name="test_reviews_stats" time="0.125" /><testcase classname="tests.test_migration_final.TestCoreEndpoints" name="test_cart_anonymous" time="0.134" /><testcase classname="tests.test_migration_final.TestCoreEndpoints" name="test_seed_endpoint" time="0.984" /><testcase classname="tests.test_migration_final.TestCoreEndpoints" name="test_game_config" time="0.140" /><testcase classname="tests.test_migration_final.TestHealthCheck" name="test_api_reachable" time="0.110" /><testcase classname="tests.test_migration_final.TestHealthCheck" name="test_product_search" time="0.113" /></testsuite></testsuites>