<?xml version="1.0" encoding="utf-8"?><testsuites name="pytest tests"><testsuite name="pytest" errors="0" failures="1" skipped="0" tests="16" time="0.962" timestamp="2026-02-02T19:46:53.516911+00:00" hostname="agent-env-edbab3a0-9073-438a-885a-57c976e94c72"><testcase classname="tests.test_phase1_features.TestOrderTracking" name="test_track_order_missing_params" time="0.112"><failure message="AssertionError: Expected 422, got 404&#10;assert 404 == 422&#10; +  where 404 = &lt;Response [404]&gt;.status_code">tests/test_phase1_features.py:23: in test_track_order_missing_params
    assert response.status_code == 422, f"Expected 422, got {response.status_code}"
E   AssertionError: Expected 422, got 404
E   assert 404 == 422
E    +  where 404 = &lt;Response [404]&gt;.status_code</failure></testcase><testcase classname="tests.test_phase1_features.TestOrderTracking" name="test_track_order_not_found" time="0.040" /><testcase classname="tests.test_phase1_features.TestOrderTracking" name="test_track_order_invalid_email" time="0.040" /><testcase classname="tests.test_phase1_features.TestProductsWithFilters" name="test_get_products_basic" time="0.038" /><testcase classname="tests.test_phase1_features.TestProductsWithFilters" name="test_get_products_by_category" time="0.042" /><testcase classname="tests.test_phase1_features.TestProductsWithFilters" name="test_products_have_filter_fields" time="0.041" /><testcase classname="tests.test_phase1_features.TestProductsWithFilters" name="test_products_have_stock_field" time="0.036" /><testcase classname="tests.test_phase1_features.TestProductReviews" name="test_get_product_reviews" time="0.119" /><testcase classname="tests.test_phase1_features.TestProductReviews" name="test_reviews_distribution_structure" time="0.083" /><testcase classname="tests.test_phase1_features.TestLegalPages" name="test_cgv_page_accessible" time="0.044" /><testcase classname="tests.test_phase1_features.TestLegalPages" name="test_confidentialite_page_accessible" time="0.039" /><testcase classname="tests.test_phase1_features.TestLegalPages" name="test_retours_page_accessible" time="0.038" /><testcase classname="tests.test_phase1_features.TestLegalPages" name="test_livraison_page_accessible" time="0.040" /><testcase classname="tests.test_phase1_features.TestLegalPages" name="test_suivi_commande_page_accessible" time="0.039" /><testcase classname="tests.test_phase1_features.TestHealthAndBasics" name="test_api_health" time="0.085" /><testcase classname="tests.test_phase1_features.TestHealthAndBasics" name="test_flash_sales_endpoint" time="0.042" /></testsuite></testsuites>